<?xml version="1.0" encoding="UTF-8"?>
<testng-results skipped="0" failed="0" ignored="0" total="1" passed="1">
  <reporter-output>
  </reporter-output>
  <suite name="Default suite" duration-ms="33" started-at="2019-08-05T09:50:13Z" finished-at="2019-08-05T09:50:13Z">
    <groups>
    </groups>
    <test name="Default test" duration-ms="33" started-at="2019-08-05T09:50:13Z" finished-at="2019-08-05T09:50:13Z">
      <class name="com.qa.tests.LoginTest">
        <test-method status="PASS" signature="test()[pri:0, instance:com.qa.tests.LoginTest@4b9e13df]" name="test" duration-ms="10" started-at="2019-08-05T09:50:13Z" finished-at="2019-08-05T09:50:13Z">
          <reporter-output>
          </reporter-output>
        </test-method> <!-- test -->
      </class> <!-- com.qa.tests.LoginTest -->
    </test> <!-- Default test -->
  </suite> <!-- Default suite -->
</testng-results>
